Arguments: 
  C:\Program Files\nodejs\node.exe C:\Users\boles\AppData\Roaming\npm\node_modules\yarn\bin\yarn.js remove simple-datatables

PATH: 
  C:\Program Files\Java\jdk1.8.0_311\bin;C:\Program Files (x86)\Common Files\Oracle\Java\javapath;c:\Gradle\gradle-7.3.1\bin;c:\utils;c:\users\boles\flutter\bin;C:\Program Files\nodejs\;C:\Windows\system32;C:\Windows;C:\Windows\System32\Wbem;C:\Windows\System32\WindowsPowerShell\v1.0\;C:\Windows\System32\OpenSSH\;c:\python27;C:\Program Files (x86)\NVIDIA Corporation\PhysX\Common;C:\Program Files\NVIDIA Corporation\NVIDIA NvDLISR;C:\Program Files\Microsoft SQL Server\130\Tools\Binn\;C:\Program Files\Git\cmd;C:\Program Files\dotnet\;C:\Program Files (x86)\Bluetooth Command Line Tools\bin;C:\Program Files\Microsoft SQL Server\Client SDK\ODBC\170\Tools\Binn\;C:\Program Files\Docker\Docker\resources\bin;C:\ProgramData\DockerDesktop\version-bin;C:\Users\boles\AppData\Roaming\nvm;C:\Program Files\nodejs;C:\Program Files (x86)\NoteBook FanControl\;C:\Users\boles\AppData\Local\Android\Sdk\tools;C:\Users\boles\AppData\Local\Android\Sdk\platform-tools;C:\Users\boles\AppData\Local\Programs\Python\Python39\Scripts\;C:\Users\boles\AppData\Local\Programs\Python\Python39\;C:\Users\boles\AppData\Local\Packages\PythonSoftwareFoundation.Python.3.8_qbz5n2kfra8p0\LocalCache\local-packages\Python38\Scripts;C:\Users\boles\AppData\Local\Microsoft\WindowsApps;C:\Users\boles\AppData\Local\Programs\Microsoft VS Code\bin;C:\Users\boles\AppData\Local\Packages\PythonSoftwareFoundation.Python.3.8_qbz5n2kfra8p0\LocalCache\local-packages\Python38\site-packages;C:\Users\boles\.dotnet\tools;C:\Users\boles\AppData\Local\Programs\Azure Data Studio\bin;C:\Users\boles\.dotnet\tools;C:\Users\boles\AppData\Local\GitHubDesktop\bin;C:\Users\boles\AppData\Roaming\nvm;C:\Program Files\nodejs;C:\Users\boles\AppData\Roaming\npm;

Yarn version: 
  1.22.17

Node version: 
  16.8.0

Platform: 
  win32 x64

Trace: 
  Error: EPERM: operation not permitted, unlink 'C:\Users\boles\solid\testapp1\node_modules\esbuild-windows-64\esbuild.exe'

npm manifest: 
  {
    "name": "vite-template-solid",
    "version": "0.0.0",
    "description": "",
    "scripts": {
      "start": "vite",
      "dev": "vite",
      "build": "vite build",
      "serve": "vite preview"
    },
    "license": "MIT",
    "devDependencies": {
      "babel-preset-solid": "^1.2.5",
      "surge": "^0.23.0",
      "vite": "^2.7.1",
      "vite-plugin-solid": "^2.1.3"
    },
    "dependencies": {
      "solid-app-router": "^0.1.14",
      "solid-js": "^1.1.3"
    }
  }

yarn manifest: 
  No manifest

Lockfile: 
  # THIS IS AN AUTOGENERATED FILE. DO NOT EDIT THIS FILE DIRECTLY.
  # yarn lockfile v1
  
  
  "@babel/code-frame@^7.16.0":
    "integrity" "sha512-IF4EOMEV+bfYwOmNxGzSnjR2EmQod7f1UXOpZM3l4i4o4QNwzjtJAu/HxdjHq0aYBvdqMuQEY1eg0nqW9ZPORA=="
    "resolved" "https://registry.npmjs.org/@babel/code-frame/-/code-frame-7.16.0.tgz"
    "version" "7.16.0"
    dependencies:
      "@babel/highlight" "^7.16.0"
  
  "@babel/compat-data@^7.16.0":
    "integrity" "sha512-1o/jo7D+kC9ZjHX5v+EHrdjl3PhxMrLSOTGsOdHJ+KL8HCaEK6ehrVL2RS6oHDZp+L7xLirLrPmQtEng769J/Q=="
    "resolved" "https://registry.npmjs.org/@babel/compat-data/-/compat-data-7.16.4.tgz"
    "version" "7.16.4"
  
  "@babel/core@^7.0.0", "@babel/core@^7.0.0-0", "@babel/core@^7.16.0":
    "integrity" "sha512-mYZEvshBRHGsIAiyH5PzCFTCfbWfoYbO/jcSdXQSUQu1/pW0xDZAUP7KEc32heqWTAfAHhV9j1vH8Sav7l+JNQ=="
    "resolved" "https://registry.npmjs.org/@babel/core/-/core-7.16.0.tgz"
    "version" "7.16.0"
    dependencies:
      "@babel/code-frame" "^7.16.0"
      "@babel/generator" "^7.16.0"
      "@babel/helper-compilation-targets" "^7.16.0"
      "@babel/helper-module-transforms" "^7.16.0"
      "@babel/helpers" "^7.16.0"
      "@babel/parser" "^7.16.0"
      "@babel/template" "^7.16.0"
      "@babel/traverse" "^7.16.0"
      "@babel/types" "^7.16.0"
      "convert-source-map" "^1.7.0"
      "debug" "^4.1.0"
      "gensync" "^1.0.0-beta.2"
      "json5" "^2.1.2"
      "semver" "^6.3.0"
      "source-map" "^0.5.0"
  
  "@babel/generator@^7.16.0":
    "integrity" "sha512-RR8hUCfRQn9j9RPKEVXo9LiwoxLPYn6hNZlvUOR8tSnaxlD0p0+la00ZP9/SnRt6HchKr+X0fO2r8vrETiJGew=="
    "resolved" "https://registry.npmjs.org/@babel/generator/-/generator-7.16.0.tgz"
    "version" "7.16.0"
    dependencies:
      "@babel/types" "^7.16.0"
      "jsesc" "^2.5.1"
      "source-map" "^0.5.0"
  
  "@babel/helper-annotate-as-pure@^7.16.0":
    "integrity" "sha512-ItmYF9vR4zA8cByDocY05o0LGUkp1zhbTQOH1NFyl5xXEqlTJQCEJjieriw+aFpxo16swMxUnUiKS7a/r4vtHg=="
    "resolved" "https://registry.npmjs.org/@babel/helper-annotate-as-pure/-/helper-annotate-as-pure-7.16.0.tgz"
    "version" "7.16.0"
    dependencies:
      "@babel/types" "^7.16.0"
  
  "@babel/helper-compilation-targets@^7.16.0":
    "integrity" "sha512-vKsoSQAyBmxS35JUOOt+07cLc6Nk/2ljLIHwmq2/NM6hdioUaqEXq/S+nXvbvXbZkNDlWOymPanJGOc4CBjSJA=="
    "resolved" "https://registry.npmjs.org/@babel/helper-compilation-targets/-/helper-compilation-targets-7.16.3.tgz"
    "version" "7.16.3"
    dependencies:
      "@babel/compat-data" "^7.16.0"
      "@babel/helper-validator-option" "^7.14.5"
      "browserslist" "^4.17.5"
      "semver" "^6.3.0"
  
  "@babel/helper-create-class-features-plugin@^7.16.0":
    "integrity" "sha512-XLwWvqEaq19zFlF5PTgOod4bUA+XbkR4WLQBct1bkzmxJGB0ZEJaoKF4c8cgH9oBtCDuYJ8BP5NB9uFiEgO5QA=="
    "resolved" "https://registry.npmjs.org/@babel/helper-create-class-features-plugin/-/helper-create-class-features-plugin-7.16.0.tgz"
    "version" "7.16.0"
    dependencies:
      "@babel/helper-annotate-as-pure" "^7.16.0"
      "@babel/helper-function-name" "^7.16.0"
      "@babel/helper-member-expression-to-functions" "^7.16.0"
      "@babel/helper-optimise-call-expression" "^7.16.0"
      "@babel/helper-replace-supers" "^7.16.0"
      "@babel/helper-split-export-declaration" "^7.16.0"
  
  "@babel/helper-function-name@^7.16.0":
    "integrity" "sha512-BZh4mEk1xi2h4HFjWUXRQX5AEx4rvaZxHgax9gcjdLWdkjsY7MKt5p0otjsg5noXw+pB+clMCjw+aEVYADMjog=="
    "resolved" "https://registry.npmjs.org/@babel/helper-function-name/-/helper-function-name-7.16.0.tgz"
    "version" "7.16.0"
    dependencies:
      "@babel/helper-get-function-arity" "^7.16.0"
      "@babel/template" "^7.16.0"
      "@babel/types" "^7.16.0"
  
  "@babel/helper-get-function-arity@^7.16.0":
    "integrity" "sha512-ASCquNcywC1NkYh/z7Cgp3w31YW8aojjYIlNg4VeJiHkqyP4AzIvr4qx7pYDb4/s8YcsZWqqOSxgkvjUz1kpDQ=="
    "resolved" "https://registry.npmjs.org/@babel/helper-get-function-arity/-/helper-get-function-arity-7.16.0.tgz"
    "version" "7.16.0"
    dependencies:
      "@babel/types" "^7.16.0"
  
  "@babel/helper-hoist-variables@^7.16.0":
    "integrity" "sha512-1AZlpazjUR0EQZQv3sgRNfM9mEVWPK3M6vlalczA+EECcPz3XPh6VplbErL5UoMpChhSck5wAJHthlj1bYpcmg=="
    "resolved" "https://registry.npmjs.org/@babel/helper-hoist-variables/-/helper-hoist-variables-7.16.0.tgz"
    "version" "7.16.0"
    dependencies:
      "@babel/types" "^7.16.0"
  
  "@babel/helper-member-expression-to-functions@^7.16.0":
    "integrity" "sha512-bsjlBFPuWT6IWhl28EdrQ+gTvSvj5tqVP5Xeftp07SEuz5pLnsXZuDkDD3Rfcxy0IsHmbZ+7B2/9SHzxO0T+sQ=="
    "resolved" "https://registry.npmjs.org/@babel/helper-member-expression-to-functions/-/helper-member-expression-to-functions-7.16.0.tgz"
    "version" "7.16.0"
    dependencies:
      "@babel/types" "^7.16.0"
  
  "@babel/helper-module-imports@^7.10.4", "@babel/helper-module-imports@^7.16.0":
    "integrity" "sha512-kkH7sWzKPq0xt3H1n+ghb4xEMP8k0U7XV3kkB+ZGy69kDk2ySFW1qPi06sjKzFY3t1j6XbJSqr4mF9L7CYVyhg=="
    "resolved" "https://registry.npmjs.org/@babel/helper-module-imports/-/helper-module-imports-7.16.0.tgz"
    "version" "7.16.0"
    dependencies:
      "@babel/types" "^7.16.0"
  
  "@babel/helper-module-transforms@^7.16.0":
    "integrity" "sha512-My4cr9ATcaBbmaEa8M0dZNA74cfI6gitvUAskgDtAFmAqyFKDSHQo5YstxPbN+lzHl2D9l/YOEFqb2mtUh4gfA=="
    "resolved" "https://registry.npmjs.org/@babel/helper-module-transforms/-/helper-module-transforms-7.16.0.tgz"
    "version" "7.16.0"
    dependencies:
      "@babel/helper-module-imports" "^7.16.0"
      "@babel/helper-replace-supers" "^7.16.0"
      "@babel/helper-simple-access" "^7.16.0"
      "@babel/helper-split-export-declaration" "^7.16.0"
      "@babel/helper-validator-identifier" "^7.15.7"
      "@babel/template" "^7.16.0"
      "@babel/traverse" "^7.16.0"
      "@babel/types" "^7.16.0"
  
  "@babel/helper-optimise-call-expression@^7.16.0":
    "integrity" "sha512-SuI467Gi2V8fkofm2JPnZzB/SUuXoJA5zXe/xzyPP2M04686RzFKFHPK6HDVN6JvWBIEW8tt9hPR7fXdn2Lgpw=="
    "resolved" "https://registry.npmjs.org/@babel/helper-optimise-call-expression/-/helper-optimise-call-expression-7.16.0.tgz"
    "version" "7.16.0"
    dependencies:
      "@babel/types" "^7.16.0"
  
  "@babel/helper-plugin-utils@^7.14.5":
    "integrity" "sha512-/37qQCE3K0vvZKwoK4XU/irIJQdIfCJuhU5eKnNxpFDsOkgFaUAwbv+RYw6eYgsC0E4hS7r5KqGULUogqui0fQ=="
    "resolved" "https://registry.npmjs.org/@babel/helper-plugin-utils/-/helper-plugin-utils-7.14.5.tgz"
    "version" "7.14.5"
  
  "@babel/helper-replace-supers@^7.16.0":
    "integrity" "sha512-TQxuQfSCdoha7cpRNJvfaYxxxzmbxXw/+6cS7V02eeDYyhxderSoMVALvwupA54/pZcOTtVeJ0xccp1nGWladA=="
    "resolved" "https://registry.npmjs.org/@babel/helper-replace-supers/-/helper-replace-supers-7.16.0.tgz"
    "version" "7.16.0"
    dependencies:
      "@babel/helper-member-expression-to-functions" "^7.16.0"
      "@babel/helper-optimise-call-expression" "^7.16.0"
      "@babel/traverse" "^7.16.0"
      "@babel/types" "^7.16.0"
  
  "@babel/helper-simple-access@^7.16.0":
    "integrity" "sha512-o1rjBT/gppAqKsYfUdfHq5Rk03lMQrkPHG1OWzHWpLgVXRH4HnMM9Et9CVdIqwkCQlobnGHEJMsgWP/jE1zUiw=="
    "resolved" "https://registry.npmjs.org/@babel/helper-simple-access/-/helper-simple-access-7.16.0.tgz"
    "version" "7.16.0"
    dependencies:
      "@babel/types" "^7.16.0"
  
  "@babel/helper-split-export-declaration@^7.16.0":
    "integrity" "sha512-0YMMRpuDFNGTHNRiiqJX19GjNXA4H0E8jZ2ibccfSxaCogbm3am5WN/2nQNj0YnQwGWM1J06GOcQ2qnh3+0paw=="
    "resolved" "https://registry.npmjs.org/@babel/helper-split-export-declaration/-/helper-split-export-declaration-7.16.0.tgz"
    "version" "7.16.0"
    dependencies:
      "@babel/types" "^7.16.0"
  
  "@babel/helper-validator-identifier@^7.15.7":
    "integrity" "sha512-K4JvCtQqad9OY2+yTU8w+E82ywk/fe+ELNlt1G8z3bVGlZfn/hOcQQsUhGhW/N+tb3fxK800wLtKOE/aM0m72w=="
    "resolved" "https://registry.npmjs.org/@babel/helper-validator-identifier/-/helper-validator-identifier-7.15.7.tgz"
    "version" "7.15.7"
  
  "@babel/helper-validator-option@^7.14.5":
    "integrity" "sha512-OX8D5eeX4XwcroVW45NMvoYaIuFI+GQpA2a8Gi+X/U/cDUIRsV37qQfF905F0htTRCREQIB4KqPeaveRJUl3Ow=="
    "resolved" "https://registry.npmjs.org/@babel/helper-validator-option/-/helper-validator-option-7.14.5.tgz"
    "version" "7.14.5"
  
  "@babel/helpers@^7.16.0":
    "integrity" "sha512-Xn8IhDlBPhvYTvgewPKawhADichOsbkZuzN7qz2BusOM0brChsyXMDJvldWaYMMUNiCQdQzNEioXTp3sC8Nt8w=="
    "resolved" "https://registry.npmjs.org/@babel/helpers/-/helpers-7.16.3.tgz"
    "version" "7.16.3"
    dependencies:
      "@babel/template" "^7.16.0"
      "@babel/traverse" "^7.16.3"
      "@babel/types" "^7.16.0"
  
  "@babel/highlight@^7.16.0":
    "integrity" "sha512-t8MH41kUQylBtu2+4IQA3atqevA2lRgqA2wyVB/YiWmsDSuylZZuXOUy9ric30hfzauEFfdsuk/eXTRrGrfd0g=="
    "resolved" "https://registry.npmjs.org/@babel/highlight/-/highlight-7.16.0.tgz"
    "version" "7.16.0"
    dependencies:
      "@babel/helper-validator-identifier" "^7.15.7"
      "chalk" "^2.0.0"
      "js-tokens" "^4.0.0"
  
  "@babel/parser@^7.16.0", "@babel/parser@^7.16.3":
    "integrity" "sha512-6V0qdPUaiVHH3RtZeLIsc+6pDhbYzHR8ogA8w+f+Wc77DuXto19g2QUwveINoS34Uw+W8/hQDGJCx+i4n7xcng=="
    "resolved" "https://registry.npmjs.org/@babel/parser/-/parser-7.16.4.tgz"
    "version" "7.16.4"
  
  "@babel/plugin-syntax-jsx@^7.10.4":
    "integrity" "sha512-8zv2+xiPHwly31RK4RmnEYY5zziuF3O7W2kIDW+07ewWDh6Oi0dRq8kwvulRkFgt6DB97RlKs5c1y068iPlCUg=="
    "resolved" "https://registry.npmjs.org/@babel/plugin-syntax-jsx/-/plugin-syntax-jsx-7.16.0.tgz"
    "version" "7.16.0"
    dependencies:
      "@babel/helper-plugin-utils" "^7.14.5"
  
  "@babel/plugin-syntax-typescript@^7.16.0":
    "integrity" "sha512-Xv6mEXqVdaqCBfJFyeab0fH2DnUoMsDmhamxsSi4j8nLd4Vtw213WMJr55xxqipC/YVWyPY3K0blJncPYji+dQ=="
    "resolved" "https://registry.npmjs.org/@babel/plugin-syntax-typescript/-/plugin-syntax-typescript-7.16.0.tgz"
    "version" "7.16.0"
    dependencies:
      "@babel/helper-plugin-utils" "^7.14.5"
  
  "@babel/plugin-transform-typescript@^7.16.0":
    "integrity" "sha512-NO4XoryBng06jjw/qWEU2LhcLJr1tWkhpMam/H4eas/CDKMX/b2/Ylb6EI256Y7+FVPCawwSM1rrJNOpDiz+Lg=="
    "resolved" "https://registry.npmjs.org/@babel/plugin-transform-typescript/-/plugin-transform-typescript-7.16.1.tgz"
    "version" "7.16.1"
    dependencies:
      "@babel/helper-create-class-features-plugin" "^7.16.0"
      "@babel/helper-plugin-utils" "^7.14.5"
      "@babel/plugin-syntax-typescript" "^7.16.0"
  
  "@babel/preset-typescript@^7.16.0":
    "integrity" "sha512-txegdrZYgO9DlPbv+9QOVpMnKbOtezsLHWsnsRF4AjbSIsVaujrq1qg8HK0mxQpWv0jnejt0yEoW1uWpvbrDTg=="
    "resolved" "https://registry.npmjs.org/@babel/preset-typescript/-/preset-typescript-7.16.0.tgz"
    "version" "7.16.0"
    dependencies:
      "@babel/helper-plugin-utils" "^7.14.5"
      "@babel/helper-validator-option" "^7.14.5"
      "@babel/plugin-transform-typescript" "^7.16.0"
  
  "@babel/template@^7.16.0":
    "integrity" "sha512-MnZdpFD/ZdYhXwiunMqqgyZyucaYsbL0IrjoGjaVhGilz+x8YB++kRfygSOIj1yOtWKPlx7NBp+9I1RQSgsd5A=="
    "resolved" "https://registry.npmjs.org/@babel/template/-/template-7.16.0.tgz"
    "version" "7.16.0"
    dependencies:
      "@babel/code-frame" "^7.16.0"
      "@babel/parser" "^7.16.0"
      "@babel/types" "^7.16.0"
  
  "@babel/traverse@^7.16.0", "@babel/traverse@^7.16.3":
    "integrity" "sha512-eolumr1vVMjqevCpwVO99yN/LoGL0EyHiLO5I043aYQvwOJ9eR5UsZSClHVCzfhBduMAsSzgA/6AyqPjNayJag=="
    "resolved" "https://registry.npmjs.org/@babel/traverse/-/traverse-7.16.3.tgz"
    "version" "7.16.3"
    dependencies:
      "@babel/code-frame" "^7.16.0"
      "@babel/generator" "^7.16.0"
      "@babel/helper-function-name" "^7.16.0"
      "@babel/helper-hoist-variables" "^7.16.0"
      "@babel/helper-split-export-declaration" "^7.16.0"
      "@babel/parser" "^7.16.3"
      "@babel/types" "^7.16.0"
      "debug" "^4.1.0"
      "globals" "^11.1.0"
  
  "@babel/types@^7.11.5", "@babel/types@^7.16.0":
    "integrity" "sha512-PJgg/k3SdLsGb3hhisFvtLOw5ts113klrpLuIPtCJIU+BB24fqq6lf8RWqKJEjzqXR9AEH1rIb5XTqwBHB+kQg=="
    "resolved" "https://registry.npmjs.org/@babel/types/-/types-7.16.0.tgz"
    "version" "7.16.0"
    dependencies:
      "@babel/helper-validator-identifier" "^7.15.7"
      "to-fast-properties" "^2.0.0"
  
  "ajv@^6.12.3":
    "integrity" "sha512-j3fVLgvTo527anyYyJOGTYJbG+vnnQYvE0m5mmkc1TK+nxAppkCLMIL0aZ4dblVCNoGShhm+kzE4ZUykBoMg4g=="
    "resolved" "https://registry.npmjs.org/ajv/-/ajv-6.12.6.tgz"
    "version" "6.12.6"
    dependencies:
      "fast-deep-equal" "^3.1.1"
      "fast-json-stable-stringify" "^2.0.0"
      "json-schema-traverse" "^0.4.1"
      "uri-js" "^4.2.2"
  
  "ansi-escapes@^3.2.0":
    "integrity" "sha512-cBhpre4ma+U0T1oM5fXg7Dy1Jw7zzwv7lt/GoCpr+hDQJoYnKVPLL4dCvSEFMmQurOQvSrwT7SL/DAlhBI97RQ=="
    "resolved" "https://registry.npmjs.org/ansi-escapes/-/ansi-escapes-3.2.0.tgz"
    "version" "3.2.0"
  
  "ansi-regex@^3.0.0":
    "integrity" "sha1-7QMXwyIGT3lGbAKWa922Bas32Zg="
    "resolved" "https://registry.npmjs.org/ansi-regex/-/ansi-regex-3.0.0.tgz"
    "version" "3.0.0"
  
  "ansi-regex@^4.1.0":
    "integrity" "sha512-1apePfXM1UOSqw0o9IiFAovVz9M5S1Dg+4TrDwfMewQ6p/rmMueb7tWZjQ1rx4Loy1ArBggoqGpfqqdI4rondg=="
    "resolved" "https://registry.npmjs.org/ansi-regex/-/ansi-regex-4.1.0.tgz"
    "version" "4.1.0"
  
  "ansi-styles@^3.2.1":
    "integrity" "sha512-VT0ZI6kZRdTh8YyJw3SMbYm/u+NqfsAxEpWO0Pf9sq8/e94WxxOpPKx9FR1FlyCtOVDNOQ+8ntlqFxiRc+r5qA=="
    "resolved" "https://registry.npmjs.org/ansi-styles/-/ansi-styles-3.2.1.tgz"
    "version" "3.2.1"
    dependencies:
      "color-convert" "^1.9.0"
  
  "asn1@~0.2.3":
    "integrity" "sha512-ix/FxPn0MDjeyJ7i/yoHGFt/EX6LyNbxSEhPPXODPL+KB0VPk86UYfL0lMdy+KCnv+fmvIzySwaK5COwqVbWTQ=="
    "resolved" "https://registry.npmjs.org/asn1/-/asn1-0.2.6.tgz"
    "version" "0.2.6"
    dependencies:
      "safer-buffer" "~2.1.0"
  
  "assert-plus@^1.0.0", "assert-plus@1.0.0":
    "integrity" "sha1-8S4PPF13sLHN2RRpQuTpbB5N1SU="
    "resolved" "https://registry.npmjs.org/assert-plus/-/assert-plus-1.0.0.tgz"
    "version" "1.0.0"
  
  "asynckit@^0.4.0":
    "integrity" "sha1-x57Zf380y48robyXkLzDZkdLS3k="
    "resolved" "https://registry.npmjs.org/asynckit/-/asynckit-0.4.0.tgz"
    "version" "0.4.0"
  
  "aws-sign2@~0.7.0":
    "integrity" "sha1-tG6JCTSpWR8tL2+G1+ap8bP+dqg="
    "resolved" "https://registry.npmjs.org/aws-sign2/-/aws-sign2-0.7.0.tgz"
    "version" "0.7.0"
  
  "aws4@^1.8.0":
    "integrity" "sha512-xh1Rl34h6Fi1DC2WWKfxUTVqRsNnr6LsKz2+hfwDxQJWmrx8+c7ylaqBMcHfl1U1r2dsifOvKX3LQuLNZ+XSvA=="
    "resolved" "https://registry.npmjs.org/aws4/-/aws4-1.11.0.tgz"
    "version" "1.11.0"
  
  "babel-plugin-jsx-dom-expressions@^0.30.9":
    "integrity" "sha512-FdfgH5IgB5vUCHGQtj65uZ4uiW42VPN2h2KgRwRkINL9/vHRPw0bsGKL+2CaI/LmLKvot9IXhqjSV/HhD0KDWA=="
    "resolved" "https://registry.npmjs.org/babel-plugin-jsx-dom-expressions/-/babel-plugin-jsx-dom-expressions-0.30.9.tgz"
    "version" "0.30.9"
    dependencies:
      "@babel/helper-module-imports" "^7.10.4"
      "@babel/plugin-syntax-jsx" "^7.10.4"
      "@babel/types" "^7.11.5"
      "html-entities" "2.3.2"
  
  "babel-preset-solid@^1.2.2", "babel-preset-solid@^1.2.5":
    "integrity" "sha512-zNCiZG9/+q7NHIz7rGdcS9Gli72v2Gmjedv7I+XDF1vQCpMLkM8gUtxbJ99Y/z4FZuLlioqN8UYLnQN3e1o1Ag=="
    "resolved" "https://registry.npmjs.org/babel-preset-solid/-/babel-preset-solid-1.2.5.tgz"
    "version" "1.2.5"
    dependencies:
      "babel-plugin-jsx-dom-expressions" "^0.30.9"
  
  "balanced-match@^1.0.0":
    "integrity" "sha512-3oSeUO0TMV67hN1AmbXsK4yaqU7tjiHlbxRDZOpH0KW9+CeX4bRAaX0Anxt0tx2MrpRpWwQaPwIlISEJhYU5Pw=="
    "resolved" "https://registry.npmjs.org/balanced-match/-/balanced-match-1.0.2.tgz"
    "version" "1.0.2"
  
  "bcrypt-pbkdf@^1.0.0":
    "integrity" "sha1-pDAdOJtqQ/m2f/PKEaP2Y342Dp4="
    "resolved" "https://registry.npmjs.org/bcrypt-pbkdf/-/bcrypt-pbkdf-1.0.2.tgz"
    "version" "1.0.2"
    dependencies:
      "tweetnacl" "^0.14.3"
  
  "block-stream@*":
    "integrity" "sha1-E+v+d4oDIFz+A3UUgeu0szAMEmo="
    "resolved" "https://registry.npmjs.org/block-stream/-/block-stream-0.0.9.tgz"
    "version" "0.0.9"
    dependencies:
      "inherits" "~2.0.0"
  
  "brace-expansion@^1.1.7":
    "integrity" "sha512-iCuPHDFgrHX7H2vEI/5xpz07zSHB00TpugqhmYtVmMO6518mCuRMoOYFldEBl0g187ufozdaHgWKcYFb61qGiA=="
    "resolved" "https://registry.npmjs.org/brace-expansion/-/brace-expansion-1.1.11.tgz"
    "version" "1.1.11"
    dependencies:
      "balanced-match" "^1.0.0"
      "concat-map" "0.0.1"
  
  "browserslist@^4.17.5":
    "integrity" "sha512-8ScCzdpPwR2wQh8IT82CA2VgDwjHyqMovPBZSNH54+tm4Jk2pCuv90gmAdH6J84OCRWi0b4gMe6O6XPXuJnjgQ=="
    "resolved" "https://registry.npmjs.org/browserslist/-/browserslist-4.18.1.tgz"
    "version" "4.18.1"
    dependencies:
      "caniuse-lite" "^1.0.30001280"
      "electron-to-chromium" "^1.3.896"
      "escalade" "^3.1.1"
      "node-releases" "^2.0.1"
      "picocolors" "^1.0.0"
  
  "caniuse-lite@^1.0.30001280":
    "integrity" "sha512-KAOkuUtcQ901MtmvxfKD+ODHH9YVDYnBt+TGYSz2KIfnq22CiArbUxXPN9067gNbgMlnNYRSwho8OPXZPALB9Q=="
    "resolved" "https://registry.npmjs.org/caniuse-lite/-/caniuse-lite-1.0.30001285.tgz"
    "version" "1.0.30001285"
  
  "caseless@~0.12.0":
    "integrity" "sha1-G2gcIf+EAzyCZUMJBolCDRhxUdw="
    "resolved" "https://registry.npmjs.org/caseless/-/caseless-0.12.0.tgz"
    "version" "0.12.0"
  
  "chalk@^2.0.0", "chalk@^2.4.2":
    "integrity" "sha512-Mti+f9lpJNcwF4tWV8/OrTTtF1gZi+f8FqlyAdouralcFWFQWF2+NgCHShjkCb+IFBLq9buZwE1xckQU4peSuQ=="
    "resolved" "https://registry.npmjs.org/chalk/-/chalk-2.4.2.tgz"
    "version" "2.4.2"
    dependencies:
      "ansi-styles" "^3.2.1"
      "escape-string-regexp" "^1.0.5"
      "supports-color" "^5.3.0"
  
  "chardet@^0.7.0":
    "integrity" "sha512-mT8iDcrh03qDGRRmoA2hmBJnxpllMR+0/0qlzjqZES6NdiWDcZkCNAk4rPFZ9Q85r27unkiNNg8ZOiwZXBHwcA=="
    "resolved" "https://registry.npmjs.org/chardet/-/chardet-0.7.0.tgz"
    "version" "0.7.0"
  
  "cli-cursor@^2.1.0":
    "integrity" "sha1-s12sN2R5+sw+lHR9QdDQ9SOP/LU="
    "resolved" "https://registry.npmjs.org/cli-cursor/-/cli-cursor-2.1.0.tgz"
    "version" "2.1.0"
    dependencies:
      "restore-cursor" "^2.0.0"
  
  "cli-table3@^0.5.1":
    "integrity" "sha512-7Qg2Jrep1S/+Q3EceiZtQcDPWxhAvBw+ERf1162v4sikJrvojMHFqXt8QIVha8UlH9rgU0BeWPytZ9/TzYqlUw=="
    "resolved" "https://registry.npmjs.org/cli-table3/-/cli-table3-0.5.1.tgz"
    "version" "0.5.1"
    dependencies:
      "object-assign" "^4.1.0"
      "string-width" "^2.1.1"
    optionalDependencies:
      "colors" "^1.1.2"
  
  "cli-width@^2.0.0":
    "integrity" "sha512-GRMWDxpOB6Dgk2E5Uo+3eEBvtOOlimMmpbFiKuLFnQzYDavtLFY3K5ona41jgN/WdRZtG7utuVSVTL4HbZHGkw=="
    "resolved" "https://registry.npmjs.org/cli-width/-/cli-width-2.2.1.tgz"
    "version" "2.2.1"
  
  "color-convert@^1.9.0":
    "integrity" "sha512-QfAUtd+vFdAtFQcC8CCyYt1fYWxSqAiK2cSD6zDB8N3cpsEBAvRxp9zOGg6G/SHHJYAT88/az/IuDGALsNVbGg=="
    "resolved" "https://registry.npmjs.org/color-convert/-/color-convert-1.9.3.tgz"
    "version" "1.9.3"
    dependencies:
      "color-name" "1.1.3"
  
  "color-name@1.1.3":
    "integrity" "sha1-p9BVi9icQveV3UIyj3QIMcpTvCU="
    "resolved" "https://registry.npmjs.org/color-name/-/color-name-1.1.3.tgz"
    "version" "1.1.3"
  
  "colors@^1.1.2", "colors@^1.4.0":
    "integrity" "sha512-a+UqTh4kgZg/SlGvfbzDHpgRu7AAQOmmqRHJnxhRZICKFUT91brVhNNt58CMWU9PsBbv3PDCZUHbVxuDiH2mtA=="
    "resolved" "https://registry.npmjs.org/colors/-/colors-1.4.0.tgz"
    "version" "1.4.0"
  
  "combined-stream@^1.0.6", "combined-stream@~1.0.6":
    "integrity" "sha512-FQN4MRfuJeHf7cBbBMJFXhKSDq+2kAArBlmRBvcvFE5BB1HZKXtSFASDhdlz9zOYwxh8lDdnvmMOe/+5cdoEdg=="
    "resolved" "https://registry.npmjs.org/combined-stream/-/combined-stream-1.0.8.tgz"
    "version" "1.0.8"
    dependencies:
      "delayed-stream" "~1.0.0"
  
  "concat-map@0.0.1":
    "integrity" "sha1-2Klr13/Wjfd5OnMDajug1UBdR3s="
    "resolved" "https://registry.npmjs.org/concat-map/-/concat-map-0.0.1.tgz"
    "version" "0.0.1"
  
  "convert-source-map@^1.7.0":
    "integrity" "sha512-+OQdjP49zViI/6i7nIJpA8rAl4sV/JdPfU9nZs3VqOwGIgizICvuN2ru6fMd+4llL0tar18UYJXfZ/TWtmhUjA=="
    "resolved" "https://registry.npmjs.org/convert-source-map/-/convert-source-map-1.8.0.tgz"
    "version" "1.8.0"
    dependencies:
      "safe-buffer" "~5.1.1"
  
  "core-util-is@1.0.2":
    "integrity" "sha1-tf1UIgqivFq1eqtxQMlAdUUDwac="
    "resolved" "https://registry.npmjs.org/core-util-is/-/core-util-is-1.0.2.tgz"
    "version" "1.0.2"
  
  "dashdash@^1.12.0":
    "integrity" "sha1-hTz6D3y+L+1d4gMmuN1YEDX24vA="
    "resolved" "https://registry.npmjs.org/dashdash/-/dashdash-1.14.1.tgz"
    "version" "1.14.1"
    dependencies:
      "assert-plus" "^1.0.0"
  
  "dayjs@^1.10.7":
    "integrity" "sha512-P6twpd70BcPK34K26uJ1KT3wlhpuOAPoMwJzpsIWUxHZ7wpmbdZL/hQqBDfz7hGurYSa5PhzdhDHtt319hL3ig=="
    "resolved" "https://registry.npmjs.org/dayjs/-/dayjs-1.10.7.tgz"
    "version" "1.10.7"
  
  "debug@^4.1.0":
    "integrity" "sha512-/zxw5+vh1Tfv+4Qn7a5nsbcJKPaSvCDhojn6FEl9vupwK2VCSDtEiEtqr8DFtzYFOdz63LBkxec7DYuc2jon6Q=="
    "resolved" "https://registry.npmjs.org/debug/-/debug-4.3.3.tgz"
    "version" "4.3.3"
    dependencies:
      "ms" "2.1.2"
  
  "delayed-stream@~1.0.0":
    "integrity" "sha1-3zrhmayt+31ECqrgsp4icrJOxhk="
    "resolved" "https://registry.npmjs.org/delayed-stream/-/delayed-stream-1.0.0.tgz"
    "version" "1.0.0"
  
  "ecc-jsbn@~0.1.1":
    "integrity" "sha1-OoOpBOVDUyh4dMVkt1SThoSamMk="
    "resolved" "https://registry.npmjs.org/ecc-jsbn/-/ecc-jsbn-0.1.2.tgz"
    "version" "0.1.2"
    dependencies:
      "jsbn" "~0.1.0"
      "safer-buffer" "^2.1.0"
  
  "electron-to-chromium@^1.3.896":
    "integrity" "sha512-zjfhG9Us/hIy8AlQ5OzfbR/C4aBv1Dg/ak4GX35CELYlJ4tDAtoEcQivXvyBdqdNQ+R6PhlgQqV8UNPJmhkJog=="
    "resolved" "https://registry.npmjs.org/electron-to-chromium/-/electron-to-chromium-1.4.12.tgz"
    "version" "1.4.12"
  
  "esbuild-windows-64@0.13.15":
    "integrity" "sha512-9aMsPRGDWCd3bGjUIKG/ZOJPKsiztlxl/Q3C1XDswO6eNX/Jtwu4M+jb6YDH9hRSUflQWX0XKAfWzgy5Wk54JQ=="
    "resolved" "https://registry.npmjs.org/esbuild-windows-64/-/esbuild-windows-64-0.13.15.tgz"
    "version" "0.13.15"
  
  "esbuild@^0.13.12", "esbuild@^0.13.2":
    "integrity" "sha512-raCxt02HBKv8RJxE8vkTSCXGIyKHdEdGfUmiYb8wnabnaEmHzyW7DCHb5tEN0xU8ryqg5xw54mcwnYkC4x3AIw=="
    "resolved" "https://registry.npmjs.org/esbuild/-/esbuild-0.13.15.tgz"
    "version" "0.13.15"
    optionalDependencies:
      "esbuild-android-arm64" "0.13.15"
      "esbuild-darwin-64" "0.13.15"
      "esbuild-darwin-arm64" "0.13.15"
      "esbuild-freebsd-64" "0.13.15"
      "esbuild-freebsd-arm64" "0.13.15"
      "esbuild-linux-32" "0.13.15"
      "esbuild-linux-64" "0.13.15"
      "esbuild-linux-arm" "0.13.15"
      "esbuild-linux-arm64" "0.13.15"
      "esbuild-linux-mips64le" "0.13.15"
      "esbuild-linux-ppc64le" "0.13.15"
      "esbuild-netbsd-64" "0.13.15"
      "esbuild-openbsd-64" "0.13.15"
      "esbuild-sunos-64" "0.13.15"
      "esbuild-windows-32" "0.13.15"
      "esbuild-windows-64" "0.13.15"
      "esbuild-windows-arm64" "0.13.15"
  
  "escalade@^3.1.1":
    "integrity" "sha512-k0er2gUkLf8O0zKJiAhmkTnJlTvINGv7ygDNPbeIsX/TJjGJZHuh9B2UxbsaEkmlEo9MfhrSzmhIlhRlI2GXnw=="
    "resolved" "https://registry.npmjs.org/escalade/-/escalade-3.1.1.tgz"
    "version" "3.1.1"
  
  "escape-string-regexp@^1.0.5":
    "integrity" "sha1-G2HAViGQqN/2rjuyzwIAyhMLhtQ="
    "resolved" "https://registry.npmjs.org/escape-string-regexp/-/escape-string-regexp-1.0.5.tgz"
    "version" "1.0.5"
  
  "extend@~3.0.2":
    "integrity" "sha512-fjquC59cD7CyW6urNXK0FBufkZcoiGG80wTuPujX590cB5Ttln20E2UB4S/WARVqhXffZl2LNgS+gQdPIIim/g=="
    "resolved" "https://registry.npmjs.org/extend/-/extend-3.0.2.tgz"
    "version" "3.0.2"
  
  "external-editor@^3.0.3":
    "integrity" "sha512-hMQ4CX1p1izmuLYyZqLMO/qGNw10wSv9QDCPfzXfyFrOaCSSoRfqE1Kf1s5an66J5JZC62NewG+mK49jOCtQew=="
    "resolved" "https://registry.npmjs.org/external-editor/-/external-editor-3.1.0.tgz"
    "version" "3.1.0"
    dependencies:
      "chardet" "^0.7.0"
      "iconv-lite" "^0.4.24"
      "tmp" "^0.0.33"
  
  "extsprintf@^1.2.0":
    "integrity" "sha512-Wrk35e8ydCKDj/ArClo1VrPVmN8zph5V4AtHwIuHhvMXsKf73UT3BOD+azBIW+3wOJ4FhEH7zyaJCFvChjYvMA=="
    "resolved" "https://registry.npmjs.org/extsprintf/-/extsprintf-1.4.1.tgz"
    "version" "1.4.1"
  
  "extsprintf@1.3.0":
    "integrity" "sha1-lpGEQOMEGnpBT4xS48V06zw+HgU="
    "resolved" "https://registry.npmjs.org/extsprintf/-/extsprintf-1.3.0.tgz"
    "version" "1.3.0"
  
  "fast-deep-equal@^3.1.1":
    "integrity" "sha512-f3qQ9oQy9j2AhBe/H9VC91wLmKBCCU/gDOnKNAYG5hswO7BLKj09Hc5HYNz9cGI++xlpDCIgDaitVs03ATR84Q=="
    "resolved" "https://registry.npmjs.org/fast-deep-equal/-/fast-deep-equal-3.1.3.tgz"
    "version" "3.1.3"
  
  "fast-json-stable-stringify@^2.0.0":
    "integrity" "sha512-lhd/wF+Lk98HZoTCtlVraHtfh5XYijIjalXck7saUtuanSDyLMxnHhSXEDJqHxD7msR8D0uCmqlkwjCV8xvwHw=="
    "resolved" "https://registry.npmjs.org/fast-json-stable-stringify/-/fast-json-stable-stringify-2.1.0.tgz"
    "version" "2.1.0"
  
  "figures@^2.0.0":
    "integrity" "sha1-OrGi0qYsi/tDGgyUy3l6L84nyWI="
    "resolved" "https://registry.npmjs.org/figures/-/figures-2.0.0.tgz"
    "version" "2.0.0"
    dependencies:
      "escape-string-regexp" "^1.0.5"
  
  "forever-agent@~0.6.1":
    "integrity" "sha1-+8cfDEGt6zf5bFd60e1C2P2sypE="
    "resolved" "https://registry.npmjs.org/forever-agent/-/forever-agent-0.6.1.tgz"
    "version" "0.6.1"
  
  "form-data@~2.3.2":
    "integrity" "sha512-1lLKB2Mu3aGP1Q/2eCOx0fNbRMe7XdwktwOruhfqqd0rIJWwN4Dh+E3hrPSlDCXnSR7UtZ1N38rVXm+6+MEhJQ=="
    "resolved" "https://registry.npmjs.org/form-data/-/form-data-2.3.3.tgz"
    "version" "2.3.3"
    dependencies:
      "asynckit" "^0.4.0"
      "combined-stream" "^1.0.6"
      "mime-types" "^2.1.12"
  
  "fs.realpath@^1.0.0":
    "integrity" "sha1-FQStJSMVjKpA20onh8sBQRmU6k8="
    "resolved" "https://registry.npmjs.org/fs.realpath/-/fs.realpath-1.0.0.tgz"
    "version" "1.0.0"
  
  "fstream@>=1.0.12":
    "integrity" "sha512-WvJ193OHa0GHPEL+AycEJgxvBEwyfRkN1vhjca23OaPVMCaLCXTd5qAu82AjTcgP1UJmytkOKb63Ypde7raDIg=="
    "resolved" "https://registry.npmjs.org/fstream/-/fstream-1.0.12.tgz"
    "version" "1.0.12"
    dependencies:
      "graceful-fs" "^4.1.2"
      "inherits" "~2.0.0"
      "mkdirp" ">=0.5 0"
      "rimraf" "2"
  
  "function-bind@^1.1.1":
    "integrity" "sha512-yIovAzMX49sF8Yl58fSCWJ5svSLuaibPxXQJFLmBObTuCr0Mf1KiPopGM9NiFjiYBCbfaa2Fh6breQ6ANVTI0A=="
    "resolved" "https://registry.npmjs.org/function-bind/-/function-bind-1.1.1.tgz"
    "version" "1.1.1"
  
  "gensync@^1.0.0-beta.2":
    "integrity" "sha512-3hN7NaskYvMDLQY55gnW3NQ+mesEAepTqlg+VEbj7zzqEMBVNhzcGYYeqFo/TlYz6eQiFcp1HcsCZO+nGgS8zg=="
    "resolved" "https://registry.npmjs.org/gensync/-/gensync-1.0.0-beta.2.tgz"
    "version" "1.0.0-beta.2"
  
  "getpass@^0.1.1":
    "integrity" "sha1-Xv+OPmhNVprkyysSgmBOi6YhSfo="
    "resolved" "https://registry.npmjs.org/getpass/-/getpass-0.1.7.tgz"
    "version" "0.1.7"
    dependencies:
      "assert-plus" "^1.0.0"
  
  "glob@^7.1.3":
    "integrity" "sha512-lmLf6gtyrPq8tTjSmrO94wBeQbFR3HbLHbuyD69wuyQkImp2hWqMGB47OX65FBkPffO641IP9jWa1z4ivqG26Q=="
    "resolved" "https://registry.npmjs.org/glob/-/glob-7.2.0.tgz"
    "version" "7.2.0"
    dependencies:
      "fs.realpath" "^1.0.0"
      "inflight" "^1.0.4"
      "inherits" "2"
      "minimatch" "^3.0.4"
      "once" "^1.3.0"
      "path-is-absolute" "^1.0.0"
  
  "globals@^11.1.0":
    "integrity" "sha512-WOBp/EEGUiIsJSp7wcv/y6MO+lV9UoncWqxuFfm8eBwzWNgyfBd6Gz+IeKQ9jCmyhoH99g15M3T+QaVHFjizVA=="
    "resolved" "https://registry.npmjs.org/globals/-/globals-11.12.0.tgz"
    "version" "11.12.0"
  
  "graceful-fs@^4.1.2":
    "integrity" "sha512-qkIilPUYcNhJpd33n0GBXTB1MMPp14TxEsEs0pTrsSVucApsYzW5V+Q8Qxhik6KU3evy+qkAAowTByymK0avdg=="
    "resolved" "https://registry.npmjs.org/graceful-fs/-/graceful-fs-4.2.8.tgz"
    "version" "4.2.8"
  
  "har-schema@^2.0.0":
    "integrity" "sha1-qUwiJOvKwEeCoNkDVSHyRzW37JI="
    "resolved" "https://registry.npmjs.org/har-schema/-/har-schema-2.0.0.tgz"
    "version" "2.0.0"
  
  "har-validator@~5.1.3":
    "integrity" "sha512-nmT2T0lljbxdQZfspsno9hgrG3Uir6Ks5afism62poxqBM6sDnMEuPmzTq8XN0OEwqKLLdh1jQI3qyE66Nzb3w=="
    "resolved" "https://registry.npmjs.org/har-validator/-/har-validator-5.1.5.tgz"
    "version" "5.1.5"
    dependencies:
      "ajv" "^6.12.3"
      "har-schema" "^2.0.0"
  
  "has-flag@^3.0.0":
    "integrity" "sha1-tdRU3CGZriJWmfNGfloH87lVuv0="
    "resolved" "https://registry.npmjs.org/has-flag/-/has-flag-3.0.0.tgz"
    "version" "3.0.0"
  
  "has@^1.0.3":
    "integrity" "sha512-f2dvO0VU6Oej7RkWJGrehjbzMAjFp5/VKPp5tTpWIV4JHHZK1/BxbFRtf/siA2SWTe09caDmVtYYzWEIbBS4zw=="
    "resolved" "https://registry.npmjs.org/has/-/has-1.0.3.tgz"
    "version" "1.0.3"
    dependencies:
      "function-bind" "^1.1.1"
  
  "html-entities@2.3.2":
    "integrity" "sha512-c3Ab/url5ksaT0WyleslpBEthOzWhrjQbg75y7XUsfSzi3Dgzt0l8w5e7DylRn15MTlMMD58dTfzddNS2kcAjQ=="
    "resolved" "https://registry.npmjs.org/html-entities/-/html-entities-2.3.2.tgz"
    "version" "2.3.2"
  
  "http-signature@~1.2.0":
    "integrity" "sha1-muzZJRFHcvPZW2WmCruPfBj7rOE="
    "resolved" "https://registry.npmjs.org/http-signature/-/http-signature-1.2.0.tgz"
    "version" "1.2.0"
    dependencies:
      "assert-plus" "^1.0.0"
      "jsprim" "^1.2.2"
      "sshpk" "^1.7.0"
  
  "iconv-lite@^0.4.24":
    "integrity" "sha512-v3MXnZAcvnywkTUEZomIActle7RXXeedOR31wwl7VlyoXO4Qi9arvSenNQWne1TcRwhCL1HwLI21bEqdpj8/rA=="
    "resolved" "https://registry.npmjs.org/iconv-lite/-/iconv-lite-0.4.24.tgz"
    "version" "0.4.24"
    dependencies:
      "safer-buffer" ">= 2.1.2 < 3"
  
  "inflight@^1.0.4":
    "integrity" "sha1-Sb1jMdfQLQwJvJEKEHW6gWW1bfk="
    "resolved" "https://registry.npmjs.org/inflight/-/inflight-1.0.6.tgz"
    "version" "1.0.6"
    dependencies:
      "once" "^1.3.0"
      "wrappy" "1"
  
  "inherits@~2.0.0", "inherits@2":
    "integrity" "sha512-k/vGaX4/Yla3WzyMCvTQOXYeIHvqOKtnqBduzTHpzpQZzAskKMhZ2K+EnBiSM9zGSoIFeMpXKxa4dYeZIQqewQ=="
    "resolved" "https://registry.npmjs.org/inherits/-/inherits-2.0.4.tgz"
    "version" "2.0.4"
  
  "inquirer@^6.2.2":
    "integrity" "sha512-cntlB5ghuB0iuO65Ovoi8ogLHiWGs/5yNrtUcKjFhSSiVeAIVpD7koaSU9RM8mpXw5YDi9RdYXGQMaOURB7ycQ=="
    "resolved" "https://registry.npmjs.org/inquirer/-/inquirer-6.5.2.tgz"
    "version" "6.5.2"
    dependencies:
      "ansi-escapes" "^3.2.0"
      "chalk" "^2.4.2"
      "cli-cursor" "^2.1.0"
      "cli-width" "^2.0.0"
      "external-editor" "^3.0.3"
      "figures" "^2.0.0"
      "lodash" "^4.17.12"
      "mute-stream" "0.0.7"
      "run-async" "^2.2.0"
      "rxjs" "^6.4.0"
      "string-width" "^2.1.0"
      "strip-ansi" "^5.1.0"
      "through" "^2.3.6"
  
  "is-core-module@^2.2.0":
    "integrity" "sha512-vd15qHsaqrRL7dtH6QNuy0ndJmRDrS9HAM1CAiSifNUFv4x1a0CCVsj18hJ1mShxIG6T2i1sO78MkP56r0nYRw=="
    "resolved" "https://registry.npmjs.org/is-core-module/-/is-core-module-2.8.0.tgz"
    "version" "2.8.0"
    dependencies:
      "has" "^1.0.3"
  
  "is-domain@0.0.1":
    "integrity" "sha1-f/sojVzO1rB8Ty35HJvpFTURNI4="
    "resolved" "https://registry.npmjs.org/is-domain/-/is-domain-0.0.1.tgz"
    "version" "0.0.1"
  
  "is-fullwidth-code-point@^2.0.0":
    "integrity" "sha1-o7MKXE8ZkYMWeqq5O+764937ZU8="
    "resolved" "https://registry.npmjs.org/is-fullwidth-code-point/-/is-fullwidth-code-point-2.0.0.tgz"
    "version" "2.0.0"
  
  "is-typedarray@~1.0.0":
    "integrity" "sha1-5HnICFjfDBsR3dppQPlgEfzaSpo="
    "resolved" "https://registry.npmjs.org/is-typedarray/-/is-typedarray-1.0.0.tgz"
    "version" "1.0.0"
  
  "is-what@^3.14.1":
    "integrity" "sha512-sNxgpk9793nzSs7bA6JQJGeIuRBQhAaNGG77kzYQgMkrID+lS6SlK07K5LaptscDlSaIgH+GPFzf+d75FVxozA=="
    "resolved" "https://registry.npmjs.org/is-what/-/is-what-3.14.1.tgz"
    "version" "3.14.1"
  
  "isstream@~0.1.2":
    "integrity" "sha1-R+Y/evVa+m+S4VAOaQ64uFKcCZo="
    "resolved" "https://registry.npmjs.org/isstream/-/isstream-0.1.2.tgz"
    "version" "0.1.2"
  
  "js-tokens@^4.0.0":
    "integrity" "sha512-RdJUflcE3cUzKiMqQgsCu06FPu9UdIJO0beYbPhHN4k6apgJtifcoCtT9bcxOpYBtpD2kCM6Sbzg4CausW/PKQ=="
    "resolved" "https://registry.npmjs.org/js-tokens/-/js-tokens-4.0.0.tgz"
    "version" "4.0.0"
  
  "jsbn@~0.1.0":
    "integrity" "sha1-peZUwuWi3rXyAdls77yoDA7y9RM="
    "resolved" "https://registry.npmjs.org/jsbn/-/jsbn-0.1.1.tgz"
    "version" "0.1.1"
  
  "jsesc@^2.5.1":
    "integrity" "sha512-OYu7XEzjkCQ3C5Ps3QIZsQfNpqoJyZZA99wd9aWd05NCtC5pWOkShK2mkL6HXQR6/Cy2lbNdPlZBpuQHXE63gA=="
    "resolved" "https://registry.npmjs.org/jsesc/-/jsesc-2.5.2.tgz"
    "version" "2.5.2"
  
  "json-schema-traverse@^0.4.1":
    "integrity" "sha512-xbbCH5dCYU5T8LcEhhuh7HJ88HXuW3qsI3Y0zOZFKfZEHcpWiHU/Jxzk629Brsab/mMiHQti9wMP+845RPe3Vg=="
    "resolved" "https://registry.npmjs.org/json-schema-traverse/-/json-schema-traverse-0.4.1.tgz"
    "version" "0.4.1"
  
  "json-schema@0.4.0":
    "integrity" "sha512-es94M3nTIfsEPisRafak+HDLfHXnKBhV3vU5eqPcS3flIWqcxJWgXHXiey3YrpaNsanY5ei1VoYEbOzijuq9BA=="
    "resolved" "https://registry.npmjs.org/json-schema/-/json-schema-0.4.0.tgz"
    "version" "0.4.0"
  
  "json-stringify-safe@~5.0.1":
    "integrity" "sha1-Epai1Y/UXxmg9s4B1lcB4sc1tus="
    "resolved" "https://registry.npmjs.org/json-stringify-safe/-/json-stringify-safe-5.0.1.tgz"
    "version" "5.0.1"
  
  "json5@^2.1.2":
    "integrity" "sha512-f+8cldu7X/y7RAJurMEJmdoKXGB/X550w2Nr3tTbezL6RwEE/iMcm+tZnXeoZtKuOq6ft8+CqzEkrIgx1fPoQA=="
    "resolved" "https://registry.npmjs.org/json5/-/json5-2.2.0.tgz"
    "version" "2.2.0"
    dependencies:
      "minimist" "^1.2.5"
  
  "jsprim@^1.2.2":
    "integrity" "sha512-P2bSOMAc/ciLz6DzgjVlGJP9+BrJWu5UDGK70C2iweC5QBIeFf0ZXRvGjEj2uYgrY2MkAAhsSWHDWlFtEroZWw=="
    "resolved" "https://registry.npmjs.org/jsprim/-/jsprim-1.4.2.tgz"
    "version" "1.4.2"
    dependencies:
      "assert-plus" "1.0.0"
      "extsprintf" "1.3.0"
      "json-schema" "0.4.0"
      "verror" "1.10.0"
  
  "lodash@^4.17.12":
    "integrity" "sha512-v2kDEe57lecTulaDIuNTPy3Ry4gLGJ6Z1O3vE1krgXZNrsQ+LFTGHVxVjcXPs17LhbZVGedAJv8XZ1tvj5FvSg=="
    "resolved" "https://registry.npmjs.org/lodash/-/lodash-4.17.21.tgz"
    "version" "4.17.21"
  
  "merge-anything@^4.0.1":
    "integrity" "sha512-YxLHKgX8jN5xfKIxcwVNzQ2HpS0r9eUSqifgGhVARoZEW31Jwu95OQzX7qlFPBPQdCmNBhCYaqJzOcwAKi2Elg=="
    "resolved" "https://registry.npmjs.org/merge-anything/-/merge-anything-4.0.2.tgz"
    "version" "4.0.2"
    dependencies:
      "is-what" "^3.14.1"
      "ts-toolbelt" "^9.6.0"
  
  "mime-db@1.51.0":
    "integrity" "sha512-5y8A56jg7XVQx2mbv1lu49NR4dokRnhZYTtL+KGfaa27uq4pSTXkwQkFJl4pkRMyNFz/EtYDSkiiEHx3F7UN6g=="
    "resolved" "https://registry.npmjs.org/mime-db/-/mime-db-1.51.0.tgz"
    "version" "1.51.0"
  
  "mime-types@^2.1.12", "mime-types@~2.1.19":
    "integrity" "sha512-6cP692WwGIs9XXdOO4++N+7qjqv0rqxxVvJ3VHPh/Sc9mVZcQP+ZGhkKiTvWMQRr2tbHkJP/Yn7Y0npb3ZBs4A=="
    "resolved" "https://registry.npmjs.org/mime-types/-/mime-types-2.1.34.tgz"
    "version" "2.1.34"
    dependencies:
      "mime-db" "1.51.0"
  
  "mimic-fn@^1.0.0":
    "integrity" "sha512-jf84uxzwiuiIVKiOLpfYk7N46TSy8ubTonmneY9vrpHNAnp0QBt2BxWV9dO3/j+BoVAb+a5G6YDPW3M5HOdMWQ=="
    "resolved" "https://registry.npmjs.org/mimic-fn/-/mimic-fn-1.2.0.tgz"
    "version" "1.2.0"
  
  "minimatch@^3.0.0", "minimatch@^3.0.4":
    "integrity" "sha512-yJHVQEhyqPLUTgt9B83PXu6W3rx4MvvHvSUvToogpwoGDOUQ+yDrR0HRot+yOCdCO7u4hX3pWft6kWBBcqh0UA=="
    "resolved" "https://registry.npmjs.org/minimatch/-/minimatch-3.0.4.tgz"
    "version" "3.0.4"
    dependencies:
      "brace-expansion" "^1.1.7"
  
  "minimist@^1.2.5":
    "integrity" "sha512-FM9nNUYrRBAELZQT3xeZQ7fmMOBg6nWNmJKTcgsJeaLstP/UODVpGsr5OhXhhXg6f+qtJ8uiZ+PUxkDWcgIXLw=="
    "resolved" "https://registry.npmjs.org/minimist/-/minimist-1.2.5.tgz"
    "version" "1.2.5"
  
  "minimist@1.2.3":
    "integrity" "sha512-+bMdgqjMN/Z77a6NlY/I3U5LlRDbnmaAk6lDveAPKwSpcPM4tKAuYsvYF8xjhOPXhOYGe/73vVLVez5PW+jqhw=="
    "resolved" "https://registry.npmjs.org/minimist/-/minimist-1.2.3.tgz"
    "version" "1.2.3"
  
  "mkdirp@>=0.5 0":
    "integrity" "sha512-NKmAlESf6jMGym1++R0Ra7wvhV+wFW63FaSOFPwRahvea0gMUcGUhVeAg/0BC0wiv9ih5NYPB1Wn1UEI1/L+xQ=="
    "resolved" "https://registry.npmjs.org/mkdirp/-/mkdirp-0.5.5.tgz"
    "version" "0.5.5"
    dependencies:
      "minimist" "^1.2.5"
  
  "moniker@0.1.2":
    "integrity" "sha1-hy37pXXc6o+gSlE1sT1fJL7MyX4="
    "resolved" "https://registry.npmjs.org/moniker/-/moniker-0.1.2.tgz"
    "version" "0.1.2"
  
  "ms@2.1.2":
    "integrity" "sha512-sGkPx+VjMtmA6MX27oA4FBFELFCZZ4S4XqeGOXCv68tT+jb3vk/RyaKWP0PTKyWtmLSM0b+adUTEvbs1PEaH2w=="
    "resolved" "https://registry.npmjs.org/ms/-/ms-2.1.2.tgz"
    "version" "2.1.2"
  
  "mute-stream@~0.0.4":
    "integrity" "sha512-nnbWWOkoWyUsTjKrhgD0dcz22mdkSnpYqbEjIm2nhwhuxlSkpywJmBo8h0ZqJdkp73mb90SssHkN4rsRaBAfAA=="
    "resolved" "https://registry.npmjs.org/mute-stream/-/mute-stream-0.0.8.tgz"
    "version" "0.0.8"
  
  "mute-stream@0.0.7":
    "integrity" "sha1-MHXOk7whuPq0PhvE2n6BFe0ee6s="
    "resolved" "https://registry.npmjs.org/mute-stream/-/mute-stream-0.0.7.tgz"
    "version" "0.0.7"
  
  "nanoid@^3.1.30":
    "integrity" "sha512-zJpuPDwOv8D2zq2WRoMe1HsfZthVewpel9CAvTfc/2mBD1uUT/agc5f7GHGWXlYkFvi1mVxe4IjvP2HNrop7nQ=="
    "resolved" "https://registry.npmjs.org/nanoid/-/nanoid-3.1.30.tgz"
    "version" "3.1.30"
  
  "netrc@0.1.4":
    "integrity" "sha1-a+lPysqNd63gqWcNxGCRTJRHJEQ="
    "resolved" "https://registry.npmjs.org/netrc/-/netrc-0.1.4.tgz"
    "version" "0.1.4"
  
  "node-releases@^2.0.1":
    "integrity" "sha512-CqyzN6z7Q6aMeF/ktcMVTzhAHCEpf8SOarwpzpf8pNBY2k5/oM34UHldUwp8VKI7uxct2HxSRdJjBaZeESzcxA=="
    "resolved" "https://registry.npmjs.org/node-releases/-/node-releases-2.0.1.tgz"
    "version" "2.0.1"
  
  "oauth-sign@~0.9.0":
    "integrity" "sha512-fexhUFFPTGV8ybAtSIGbV6gOkSv8UtRbDBnAyLQw4QPKkgNlsH2ByPGtMUqdWkos6YCRmAqViwgZrJc/mRDzZQ=="
    "resolved" "https://registry.npmjs.org/oauth-sign/-/oauth-sign-0.9.0.tgz"
    "version" "0.9.0"
  
  "object-assign@^4.1.0":
    "integrity" "sha1-IQmtx5ZYh8/AXLvUQsrIv7s2CGM="
    "resolved" "https://registry.npmjs.org/object-assign/-/object-assign-4.1.1.tgz"
    "version" "4.1.1"
  
  "once@^1.3.0":
    "integrity" "sha1-WDsap3WWHUsROsF9nFC6753Xa9E="
    "resolved" "https://registry.npmjs.org/once/-/once-1.4.0.tgz"
    "version" "1.4.0"
    dependencies:
      "wrappy" "1"
  
  "onetime@^2.0.0":
    "integrity" "sha1-BnQoIw/WdEOyeUsiu6UotoZ5YtQ="
    "resolved" "https://registry.npmjs.org/onetime/-/onetime-2.0.1.tgz"
    "version" "2.0.1"
    dependencies:
      "mimic-fn" "^1.0.0"
  
  "os-tmpdir@~1.0.2":
    "integrity" "sha1-u+Z0BseaqFxc/sdm/lc0VV36EnQ="
    "resolved" "https://registry.npmjs.org/os-tmpdir/-/os-tmpdir-1.0.2.tgz"
    "version" "1.0.2"
  
  "path-is-absolute@^1.0.0":
    "integrity" "sha1-F0uSaHNVNP+8es5r9TpanhtcX18="
    "resolved" "https://registry.npmjs.org/path-is-absolute/-/path-is-absolute-1.0.1.tgz"
    "version" "1.0.1"
  
  "path-parse@^1.0.6":
    "integrity" "sha512-LDJzPVEEEPR+y48z93A0Ed0yXb8pAByGWo/k5YYdYgpY2/2EsOsksJrq7lOHxryrVOn1ejG6oAp8ahvOIQD8sw=="
    "resolved" "https://registry.npmjs.org/path-parse/-/path-parse-1.0.7.tgz"
    "version" "1.0.7"
  
  "performance-now@^2.1.0":
    "integrity" "sha1-Ywn04OX6kT7BxpMHrjZLSzd8nns="
    "resolved" "https://registry.npmjs.org/performance-now/-/performance-now-2.1.0.tgz"
    "version" "2.1.0"
  
  "picocolors@^1.0.0":
    "integrity" "sha512-1fygroTLlHu66zi26VoTDv8yRgm0Fccecssto+MhsZ0D/DGW2sm8E8AjW7NU5VVTRt5GxbeZ5qBuJr+HyLYkjQ=="
    "resolved" "https://registry.npmjs.org/picocolors/-/picocolors-1.0.0.tgz"
    "version" "1.0.0"
  
  "postcss@^8.3.11", "postcss@^8.3.8":
    "integrity" "sha512-joU6fBsN6EIer28Lj6GDFoC/5yOZzLCfn0zHAn/MYXI7aPt4m4hK5KC5ovEZXy+lnCjmYIbQWngvju2ddyEr8Q=="
    "resolved" "https://registry.npmjs.org/postcss/-/postcss-8.4.4.tgz"
    "version" "8.4.4"
    dependencies:
      "nanoid" "^3.1.30"
      "picocolors" "^1.0.0"
      "source-map-js" "^1.0.1"
  
  "progress@1.1.8":
    "integrity" "sha1-4mDHj2Fhzdmw5WzD4Khd4Xx6V74="
    "resolved" "https://registry.npmjs.org/progress/-/progress-1.1.8.tgz"
    "version" "1.1.8"
  
  "psl@^1.1.28":
    "integrity" "sha512-RIdOzyoavK+hA18OGGWDqUTsCLhtA7IcZ/6NCs4fFJaHBDab+pDDmDIByWFRQJq2Cd7r1OoQxBGKOaztq+hjIQ=="
    "resolved" "https://registry.npmjs.org/psl/-/psl-1.8.0.tgz"
    "version" "1.8.0"
  
  "punycode@^2.1.0", "punycode@^2.1.1":
    "integrity" "sha512-XRsRjdf+j5ml+y/6GKHPZbrF/8p2Yga0JPtdqTIY2Xe5ohJPD9saDJJLPvp9+NSBprVvevdXZybnj2cv8OEd0A=="
    "resolved" "https://registry.npmjs.org/punycode/-/punycode-2.1.1.tgz"
    "version" "2.1.1"
  
  "qs@~6.5.2":
    "integrity" "sha512-N5ZAX4/LxJmF+7wN74pUD6qAh9/wnvdQcjq9TZjevvXzSUo7bfmw91saqMjzGS2xq91/odN2dW/WOl7qQHNDGA=="
    "resolved" "https://registry.npmjs.org/qs/-/qs-6.5.2.tgz"
    "version" "6.5.2"
  
  "read@1.0.5":
    "integrity" "sha1-AHo9FpR4qnEKSRcn5FPv+5LnYgM="
    "resolved" "https://registry.npmjs.org/read/-/read-1.0.5.tgz"
    "version" "1.0.5"
    dependencies:
      "mute-stream" "~0.0.4"
  
  "request@^2.88.0":
    "integrity" "sha512-MsvtOrfG9ZcrOwAW+Qi+F6HbD0CWXEh9ou77uOb7FM2WPhwT7smM833PzanhJLsgXjN89Ir6V2PczXNnMpwKhw=="
    "resolved" "https://registry.npmjs.org/request/-/request-2.88.2.tgz"
    "version" "2.88.2"
    dependencies:
      "aws-sign2" "~0.7.0"
      "aws4" "^1.8.0"
      "caseless" "~0.12.0"
      "combined-stream" "~1.0.6"
      "extend" "~3.0.2"
      "forever-agent" "~0.6.1"
      "form-data" "~2.3.2"
      "har-validator" "~5.1.3"
      "http-signature" "~1.2.0"
      "is-typedarray" "~1.0.0"
      "isstream" "~0.1.2"
      "json-stringify-safe" "~5.0.1"
      "mime-types" "~2.1.19"
      "oauth-sign" "~0.9.0"
      "performance-now" "^2.1.0"
      "qs" "~6.5.2"
      "safe-buffer" "^5.1.2"
      "tough-cookie" "~2.5.0"
      "tunnel-agent" "^0.6.0"
      "uuid" "^3.3.2"
  
  "resolve@^1.20.0":
    "integrity" "sha512-wENBPt4ySzg4ybFQW2TT1zMQucPK95HSh/nq2CFTZVOGut2+pQvSsgtda4d26YrYcr067wjbmzOG8byDPBX63A=="
    "resolved" "https://registry.npmjs.org/resolve/-/resolve-1.20.0.tgz"
    "version" "1.20.0"
    dependencies:
      "is-core-module" "^2.2.0"
      "path-parse" "^1.0.6"
  
  "restore-cursor@^2.0.0":
    "integrity" "sha1-n37ih/gv0ybU/RYpI9YhKe7g368="
    "resolved" "https://registry.npmjs.org/restore-cursor/-/restore-cursor-2.0.0.tgz"
    "version" "2.0.0"
    dependencies:
      "onetime" "^2.0.0"
      "signal-exit" "^3.0.2"
  
  "rimraf@2":
    "integrity" "sha512-uWjbaKIK3T1OSVptzX7Nl6PvQ3qAGtKEtVRjRuazjfL3Bx5eI409VZSqgND+4UNnmzLVdPj9FqFJNPqBZFve4w=="
    "resolved" "https://registry.npmjs.org/rimraf/-/rimraf-2.7.1.tgz"
    "version" "2.7.1"
    dependencies:
      "glob" "^7.1.3"
  
  "rollup@^2.57.0", "rollup@^2.59.0":
    "integrity" "sha512-1Bgjpq61sPjgoZzuiDSGvbI1tD91giZABgjCQBKM5aYLnzjq52GoDuWVwT/cm/MCxCMPU8gqQvkj8doQ5C8Oqw=="
    "resolved" "https://registry.npmjs.org/rollup/-/rollup-2.60.2.tgz"
    "version" "2.60.2"
    optionalDependencies:
      "fsevents" "~2.3.2"
  
  "run-async@^2.2.0":
    "integrity" "sha512-tvVnVv01b8c1RrA6Ep7JkStj85Guv/YrMcwqYQnwjsAS2cTmmPGBBjAjpCW7RrSodNSoE2/qg9O4bceNvUuDgQ=="
    "resolved" "https://registry.npmjs.org/run-async/-/run-async-2.4.1.tgz"
    "version" "2.4.1"
  
  "rxjs@^6.4.0":
    "integrity" "sha512-hTdwr+7yYNIT5n4AMYp85KA6yw2Va0FLa3Rguvbpa4W3I5xynaBZo41cM3XM+4Q6fRMj3sBYIR1VAmZMXYJvRQ=="
    "resolved" "https://registry.npmjs.org/rxjs/-/rxjs-6.6.7.tgz"
    "version" "6.6.7"
    dependencies:
      "tslib" "^1.9.0"
  
  "safe-buffer@^5.0.1", "safe-buffer@^5.1.2":
    "integrity" "sha512-rp3So07KcdmmKbGvgaNxQSJr7bGVSVk5S9Eq1F+ppbRo70+YeaDxkw5Dd8NPN+GD6bjnYm2VuPuCXmpuYvmCXQ=="
    "resolved" "https://registry.npmjs.org/safe-buffer/-/safe-buffer-5.2.1.tgz"
    "version" "5.2.1"
  
  "safe-buffer@~5.1.1":
    "integrity" "sha512-Gd2UZBJDkXlY7GbJxfsE8/nvKkUEU1G38c1siN6QP6a9PT9MmHB8GnpscSmMJSoF8LOIrt8ud/wPtojys4G6+g=="
    "resolved" "https://registry.npmjs.org/safe-buffer/-/safe-buffer-5.1.2.tgz"
    "version" "5.1.2"
  
  "safer-buffer@^2.0.2", "safer-buffer@^2.1.0", "safer-buffer@>= 2.1.2 < 3", "safer-buffer@~2.1.0":
    "integrity" "sha512-YZo3K82SD7Riyi0E1EQPojLz7kpepnSQI9IyPbHHg1XXXevb5dJI7tpyN2ADxGcQbHG7vcyRHk0cbwqcQriUtg=="
    "resolved" "https://registry.npmjs.org/safer-buffer/-/safer-buffer-2.1.2.tgz"
    "version" "2.1.2"
  
  "semver@^6.3.0":
    "integrity" "sha512-b39TBaTSfV6yBrapU89p5fKekE2m/NwnDocOVruQFS1/veMgdzuPcnOM34M6CwxW8jH/lxEa5rBoDeUwu5HHTw=="
    "resolved" "https://registry.npmjs.org/semver/-/semver-6.3.0.tgz"
    "version" "6.3.0"
  
  "signal-exit@^3.0.2":
    "integrity" "sha512-sDl4qMFpijcGw22U5w63KmD3cZJfBuFlVNbVMKje2keoKML7X2UzWbc4XrmEbDwg0NXJc3yv4/ox7b+JWb57kQ=="
    "resolved" "https://registry.npmjs.org/signal-exit/-/signal-exit-3.0.6.tgz"
    "version" "3.0.6"
  
  "simple-datatables@^3.2.0":
    "integrity" "sha512-lWwrH7SbTHp4SBQmvGty3NFzruzcbz/URUkkcwd8AdnZrQUtSitGwKeJ64qUVv2JXWP+RLOe1xpN8bW4Z6gjSQ=="
    "resolved" "https://registry.npmjs.org/simple-datatables/-/simple-datatables-3.2.0.tgz"
    "version" "3.2.0"
    dependencies:
      "dayjs" "^1.10.7"
  
  "solid-app-router@^0.1.14":
    "integrity" "sha512-fnX+jCB5sDMbjq3od9qGtQNdlvHP2c6DG5STvMHVXyNuSEN+MdO7WJtZ58OpVpq6zWS4FYeYAh7NMEa7C2CcOA=="
    "resolved" "https://registry.npmjs.org/solid-app-router/-/solid-app-router-0.1.14.tgz"
    "version" "0.1.14"
  
  "solid-js@^1.0.0", "solid-js@^1.1.3", "solid-js@^1.2.2":
    "integrity" "sha512-XcPEULgqd/XbBu8LwtGWs5RGowvIpq88/ZNI/xgJ9PaxRJWwbVlSNsS+ywUWncxRdKsPoVe8vdcIsH4gBJjh3Q=="
    "resolved" "https://registry.npmjs.org/solid-js/-/solid-js-1.2.5.tgz"
    "version" "1.2.5"
  
  "solid-refresh@^0.3.1":
    "integrity" "sha512-7lg3EjenGoxQvGoZnTD3d480wBxbpAiAsyk0dhoGq6hjcaAQ3vnsBGxvXV0LBTzeQcGmIRz1GeSsw/64YyNr+g=="
    "resolved" "https://registry.npmjs.org/solid-refresh/-/solid-refresh-0.3.2.tgz"
    "version" "0.3.2"
    dependencies:
      "@babel/generator" "^7.16.0"
      "@babel/helper-module-imports" "^7.16.0"
      "@babel/types" "^7.16.0"
  
  "source-map-js@^1.0.1":
    "integrity" "sha512-4+TN2b3tqOCd/kaGRJ/sTYA0tR0mdXx26ipdolxcwtJVqEnqNYvlCAt1q3ypy4QMlYus+Zh34RNtYLoq2oQ4IA=="
    "resolved" "https://registry.npmjs.org/source-map-js/-/source-map-js-1.0.1.tgz"
    "version" "1.0.1"
  
  "source-map@^0.5.0":
    "integrity" "sha1-igOdLRAh0i0eoUyA2OpGi6LvP8w="
    "resolved" "https://registry.npmjs.org/source-map/-/source-map-0.5.7.tgz"
    "version" "0.5.7"
  
  "split@0.3.1":
    "integrity" "sha1-zrzxQr9hu7ZLFBYo5ttIKikUZUw="
    "resolved" "https://registry.npmjs.org/split/-/split-0.3.1.tgz"
    "version" "0.3.1"
    dependencies:
      "through" "2"
  
  "sshpk@^1.7.0":
    "integrity" "sha512-HXXqVUq7+pcKeLqqZj6mHFUMvXtOJt1uoUx09pFW6011inTMxqI8BA8PM95myrIyyKwdnzjdFjLiE6KBPVtJIg=="
    "resolved" "https://registry.npmjs.org/sshpk/-/sshpk-1.16.1.tgz"
    "version" "1.16.1"
    dependencies:
      "asn1" "~0.2.3"
      "assert-plus" "^1.0.0"
      "bcrypt-pbkdf" "^1.0.0"
      "dashdash" "^1.12.0"
      "ecc-jsbn" "~0.1.1"
      "getpass" "^0.1.1"
      "jsbn" "~0.1.0"
      "safer-buffer" "^2.0.2"
      "tweetnacl" "~0.14.0"
  
  "string-width@^2.1.0", "string-width@^2.1.1":
    "integrity" "sha512-nOqH59deCq9SRHlxq1Aw85Jnt4w6KvLKqWVik6oA9ZklXLNIOlqg4F2yrT1MVaTjAqvVwdfeZ7w7aCvJD7ugkw=="
    "resolved" "https://registry.npmjs.org/string-width/-/string-width-2.1.1.tgz"
    "version" "2.1.1"
    dependencies:
      "is-fullwidth-code-point" "^2.0.0"
      "strip-ansi" "^4.0.0"
  
  "strip-ansi@^4.0.0":
    "integrity" "sha1-qEeQIusaw2iocTibY1JixQXuNo8="
    "resolved" "https://registry.npmjs.org/strip-ansi/-/strip-ansi-4.0.0.tgz"
    "version" "4.0.0"
    dependencies:
      "ansi-regex" "^3.0.0"
  
  "strip-ansi@^5.1.0":
    "integrity" "sha512-DuRs1gKbBqsMKIZlrffwlug8MHkcnpjs5VPmL1PAh+mA30U0DTotfDZ0d2UUsXpPmPmMMJ6W773MaA3J+lbiWA=="
    "resolved" "https://registry.npmjs.org/strip-ansi/-/strip-ansi-5.2.0.tgz"
    "version" "5.2.0"
    dependencies:
      "ansi-regex" "^4.1.0"
  
  "supports-color@^5.3.0":
    "integrity" "sha512-QjVjwdXIt408MIiAqCX4oUKsgU2EqAGzs2Ppkm4aQYbjm+ZEWEcW4SfFNTr4uMNZma0ey4f5lgLrkB0aX0QMow=="
    "resolved" "https://registry.npmjs.org/supports-color/-/supports-color-5.5.0.tgz"
    "version" "5.5.0"
    dependencies:
      "has-flag" "^3.0.0"
  
  "surge-fstream-ignore@^1.0.6":
    "integrity" "sha512-hNN52cz2fYCAzhlHmWPn4aE3bFbpBt01AkWFLljrtSzFvxlipLAeLuLtQ3t4f0RKoUkjzXWCAFK13WoET2iM1A=="
    "resolved" "https://registry.npmjs.org/surge-fstream-ignore/-/surge-fstream-ignore-1.0.6.tgz"
    "version" "1.0.6"
    dependencies:
      "fstream" ">=1.0.12"
      "inherits" "2"
      "minimatch" "^3.0.0"
  
  "surge-ignore@0.2.0":
    "integrity" "sha1-Wn+KIKcRiM+edaLP6OsYLekNrzs="
    "resolved" "https://registry.npmjs.org/surge-ignore/-/surge-ignore-0.2.0.tgz"
    "version" "0.2.0"
  
  "surge@^0.23.0":
    "integrity" "sha512-9SJEREttCb/aMpp7hcNHh33hniv1Lh3hI22TqHKGHU6YEYU4Iovs11K4vtgWhODAyCY1md2/vHj1M35MI6WnBg=="
    "resolved" "https://registry.npmjs.org/surge/-/surge-0.23.0.tgz"
    "version" "0.23.0"
    dependencies:
      "cli-table3" "^0.5.1"
      "colors" "^1.4.0"
      "inquirer" "^6.2.2"
      "is-domain" "0.0.1"
      "minimist" "1.2.3"
      "moniker" "0.1.2"
      "netrc" "0.1.4"
      "progress" "1.1.8"
      "read" "1.0.5"
      "request" "^2.88.0"
      "split" "0.3.1"
      "surge-fstream-ignore" "^1.0.6"
      "surge-ignore" "0.2.0"
      "tarr" "1.1.0"
      "url-parse-as-address" "1.0.0"
  
  "tarr@1.1.0":
    "integrity" "sha512-tENbQ43IQckay71stp1p1lljRhoEZpZk10FzEZKW2tJcMcnLwV3CfZdxBAERlH6nwnFvnHMS9eJOJl6IzSsG0g=="
    "resolved" "https://registry.npmjs.org/tarr/-/tarr-1.1.0.tgz"
    "version" "1.1.0"
    dependencies:
      "block-stream" "*"
      "fstream" ">=1.0.12"
      "inherits" "2"
  
  "through@^2.3.6", "through@2":
    "integrity" "sha1-DdTJ/6q8NXlgsbckEV1+Doai4fU="
    "resolved" "https://registry.npmjs.org/through/-/through-2.3.8.tgz"
    "version" "2.3.8"
  
  "tmp@^0.0.33":
    "integrity" "sha512-jRCJlojKnZ3addtTOjdIqoRuPEKBvNXcGYqzO6zWZX8KfKEpnGY5jfggJQ3EjKuu8D4bJRr0y+cYJFmYbImXGw=="
    "resolved" "https://registry.npmjs.org/tmp/-/tmp-0.0.33.tgz"
    "version" "0.0.33"
    dependencies:
      "os-tmpdir" "~1.0.2"
  
  "to-fast-properties@^2.0.0":
    "integrity" "sha1-3F5pjL0HkmW8c+A3doGk5Og/YW4="
    "resolved" "https://registry.npmjs.org/to-fast-properties/-/to-fast-properties-2.0.0.tgz"
    "version" "2.0.0"
  
  "tough-cookie@~2.5.0":
    "integrity" "sha512-nlLsUzgm1kfLXSXfRZMc1KLAugd4hqJHDTvc2hDIwS3mZAfMEuMbc03SujMF+GEcpaX/qboeycw6iO8JwVv2+g=="
    "resolved" "https://registry.npmjs.org/tough-cookie/-/tough-cookie-2.5.0.tgz"
    "version" "2.5.0"
    dependencies:
      "psl" "^1.1.28"
      "punycode" "^2.1.1"
  
  "ts-toolbelt@^9.6.0":
    "integrity" "sha512-nsZd8ZeNUzukXPlJmTBwUAuABDe/9qtVDelJeT/qW0ow3ZS3BsQJtNkan1802aM9Uf68/Y8ljw86Hu0h5IUW3w=="
    "resolved" "https://registry.npmjs.org/ts-toolbelt/-/ts-toolbelt-9.6.0.tgz"
    "version" "9.6.0"
  
  "tslib@^1.9.0":
    "integrity" "sha512-Xni35NKzjgMrwevysHTCArtLDpPvye8zV/0E4EyYn43P7/7qvQwPh9BGkHewbMulVntbigmcT7rdX3BNo9wRJg=="
    "resolved" "https://registry.npmjs.org/tslib/-/tslib-1.14.1.tgz"
    "version" "1.14.1"
  
  "tunnel-agent@^0.6.0":
    "integrity" "sha1-J6XeoGs2sEoKmWZ3SykIaPD8QP0="
    "resolved" "https://registry.npmjs.org/tunnel-agent/-/tunnel-agent-0.6.0.tgz"
    "version" "0.6.0"
    dependencies:
      "safe-buffer" "^5.0.1"
  
  "tweetnacl@^0.14.3", "tweetnacl@~0.14.0":
    "integrity" "sha1-WuaBd/GS1EViadEIr6k/+HQ/T2Q="
    "resolved" "https://registry.npmjs.org/tweetnacl/-/tweetnacl-0.14.5.tgz"
    "version" "0.14.5"
  
  "uri-js@^4.2.2":
    "integrity" "sha512-7rKUyy33Q1yc98pQ1DAmLtwX109F7TIfWlW1Ydo8Wl1ii1SeHieeh0HHfPeL2fMXK6z0s8ecKs9frCuLJvndBg=="
    "resolved" "https://registry.npmjs.org/uri-js/-/uri-js-4.4.1.tgz"
    "version" "4.4.1"
    dependencies:
      "punycode" "^2.1.0"
  
  "url-parse-as-address@1.0.0":
    "integrity" "sha1-+4CQGIPzOLPL7TU49fqiatr38uc="
    "resolved" "https://registry.npmjs.org/url-parse-as-address/-/url-parse-as-address-1.0.0.tgz"
    "version" "1.0.0"
  
  "uuid@^3.3.2":
    "integrity" "sha512-HjSDRw6gZE5JMggctHBcjVak08+KEVhSIiDzFnT9S9aegmp85S/bReBVTb4QTFaRNptJ9kuYaNhnbNEOkbKb/A=="
    "resolved" "https://registry.npmjs.org/uuid/-/uuid-3.4.0.tgz"
    "version" "3.4.0"
  
  "verror@1.10.0":
    "integrity" "sha1-OhBcoXBTr1XW4nDB+CiGguGNpAA="
    "resolved" "https://registry.npmjs.org/verror/-/verror-1.10.0.tgz"
    "version" "1.10.0"
    dependencies:
      "assert-plus" "^1.0.0"
      "core-util-is" "1.0.2"
      "extsprintf" "^1.2.0"
  
  "vite-plugin-solid@^2.1.3":
    "integrity" "sha512-OhF90fQ9NwMBlhug1ESrO0n55OPV4LEgkE4WFiC6Z2+DGfb2k9GnQPDjVhZzybjTCfqeOW8gi2Go3U43wsSQdA=="
    "resolved" "https://registry.npmjs.org/vite-plugin-solid/-/vite-plugin-solid-2.1.3.tgz"
    "version" "2.1.3"
    dependencies:
      "@babel/core" "^7.16.0"
      "@babel/preset-typescript" "^7.16.0"
      "babel-preset-solid" "^1.2.2"
      "merge-anything" "^4.0.1"
      "solid-js" "^1.2.2"
      "solid-refresh" "^0.3.1"
      "vite" "^2.6.13"
  
  "vite@^2.6.13":
    "integrity" "sha512-2HA9xGyi+EhY2MXo0+A2dRsqsAG3eFNEVIo12olkWhOmc8LfiM+eMdrXf+Ruje9gdXgvSqjLI9freec1RUM5EA=="
    "resolved" "https://registry.npmjs.org/vite/-/vite-2.6.14.tgz"
    "version" "2.6.14"
    dependencies:
      "esbuild" "^0.13.2"
      "postcss" "^8.3.8"
      "resolve" "^1.20.0"
      "rollup" "^2.57.0"
    optionalDependencies:
      "fsevents" "~2.3.2"
  
  "vite@^2.7.1":
    "integrity" "sha512-TDXXhcu5lyQ6uosK4ZWaOyB4VzOiizk0biitRzDzaEtgSUi8rVYPc4k1xgOjLSf0OuceDJmojFKXHOX9DB1WuQ=="
    "resolved" "https://registry.npmjs.org/vite/-/vite-2.7.1.tgz"
    "version" "2.7.1"
    dependencies:
      "esbuild" "^0.13.12"
      "postcss" "^8.3.11"
      "resolve" "^1.20.0"
      "rollup" "^2.59.0"
    optionalDependencies:
      "fsevents" "~2.3.2"
  
  "wrappy@1":
    "integrity" "sha1-tSQ9jz7BqjXxNkYFvA0QNuMKtp8="
    "resolved" "https://registry.npmjs.org/wrappy/-/wrappy-1.0.2.tgz"
    "version" "1.0.2"
